{"level":"\u001b[32minfo\u001b[39m","message":"running...","timestamp":"2024-09-29T22:25:31.354Z"}
{"level":"\u001b[32minfo\u001b[39m","message":"running...","timestamp":"2024-09-29T22:25:37.245Z"}
{"level":"\u001b[32minfo\u001b[39m","message":"running...","timestamp":"2024-09-29T22:26:32.351Z"}
{"level":"\u001b[32minfo\u001b[39m","message":"running...","timestamp":"2024-09-29T22:27:11.807Z"}
{"level":"\u001b[32minfo\u001b[39m","message":"running...","timestamp":"2024-09-29T22:27:49.104Z"}
{"level":"\u001b[32minfo\u001b[39m","message":"running...","timestamp":"2024-09-29T22:38:25.643Z"}
{"level":"\u001b[32minfo\u001b[39m","message":"running...","timestamp":"2024-09-29T22:38:54.857Z"}
{"level":"\u001b[32minfo\u001b[39m","message":"string","timestamp":"2024-09-29T22:39:09.202Z"}
{"level":"\u001b[32minfo\u001b[39m","message":"running...","timestamp":"2024-09-30T00:46:18.492Z"}
{"level":"\u001b[32minfo\u001b[39m","message":"running...","timestamp":"2024-09-30T00:56:33.460Z"}
{"level":"\u001b[32minfo\u001b[39m","message":"running...","timestamp":"2024-09-30T01:12:30.198Z"}
{"level":"\u001b[32minfo\u001b[39m","message":"running...","timestamp":"2024-09-30T01:13:57.889Z"}
{"level":"\u001b[32minfo\u001b[39m","message":"running...","timestamp":"2024-09-30T01:14:44.141Z"}
{"level":"\u001b[32minfo\u001b[39m","message":"running...","timestamp":"2024-09-30T01:16:16.872Z"}
{"level":"\u001b[32minfo\u001b[39m","message":"running...","timestamp":"2024-09-30T01:20:16.369Z"}
{"level":"\u001b[32minfo\u001b[39m","message":"running...","timestamp":"2024-09-30T01:20:29.995Z"}
{"level":"\u001b[32minfo\u001b[39m","message":"running...","timestamp":"2024-09-30T01:21:48.474Z"}
{"level":"\u001b[32minfo\u001b[39m","message":"running...","timestamp":"2024-09-30T01:22:00.018Z"}
{"level":"\u001b[32minfo\u001b[39m","message":"running...","timestamp":"2024-09-30T01:25:05.279Z"}
{"level":"\u001b[32minfo\u001b[39m","message":"running...","timestamp":"2024-09-30T01:25:26.970Z"}
{"level":"\u001b[32minfo\u001b[39m","message":"running...","timestamp":"2024-09-30T01:25:31.053Z"}
{"level":"\u001b[32minfo\u001b[39m","message":"running...","timestamp":"2024-09-30T01:25:48.130Z"}
{"level":"\u001b[32minfo\u001b[39m","message":"running...","timestamp":"2024-09-30T01:27:23.657Z"}
{"level":"\u001b[32minfo\u001b[39m","message":"running...","timestamp":"2024-09-30T01:28:54.691Z"}
{"level":"\u001b[32minfo\u001b[39m","message":"running...","timestamp":"2024-09-30T01:29:33.559Z"}
{"level":"\u001b[32minfo\u001b[39m","message":"running...","timestamp":"2024-09-30T01:29:55.065Z"}
{"level":"\u001b[32minfo\u001b[39m","message":"running...","timestamp":"2024-09-30T01:30:52.995Z"}
{"level":"\u001b[32minfo\u001b[39m","message":"running...","timestamp":"2024-09-30T01:31:13.050Z"}
{"level":"\u001b[32minfo\u001b[39m","message":"running...","timestamp":"2024-09-30T01:32:02.783Z"}
{"level":"\u001b[32minfo\u001b[39m","message":"running...","timestamp":"2024-09-30T01:32:23.136Z"}
{"level":"\u001b[32minfo\u001b[39m","message":"running...","timestamp":"2024-09-30T01:32:25.189Z"}
{"level":"\u001b[32minfo\u001b[39m","message":"running...","timestamp":"2024-09-30T01:32:31.408Z"}
{"level":"\u001b[32minfo\u001b[39m","message":"running...","timestamp":"2024-09-30T01:32:57.099Z"}
{"level":"\u001b[32minfo\u001b[39m","message":"running...","timestamp":"2024-09-30T01:33:37.217Z"}
{"level":"\u001b[32minfo\u001b[39m","message":"running...","timestamp":"2024-09-30T01:34:06.571Z"}
{"level":"\u001b[32minfo\u001b[39m","message":"running...","timestamp":"2024-09-30T01:38:08.482Z"}
{"level":"\u001b[32minfo\u001b[39m","message":"running...","timestamp":"2024-09-30T01:40:26.004Z"}
{"level":"\u001b[32minfo\u001b[39m","message":"running...","timestamp":"2024-09-30T01:40:39.352Z"}
{"level":"\u001b[32minfo\u001b[39m","message":"running...","timestamp":"2024-09-30T01:41:01.186Z"}
{"level":"\u001b[32minfo\u001b[39m","message":"running...","timestamp":"2024-09-30T01:41:26.176Z"}
{"level":"\u001b[32minfo\u001b[39m","message":"running...","timestamp":"2024-09-30T01:41:31.569Z"}
{"level":"\u001b[32minfo\u001b[39m","message":"running...","timestamp":"2024-09-30T01:42:30.225Z"}
{"level":"\u001b[32minfo\u001b[39m","message":"running...","timestamp":"2024-09-30T01:43:02.761Z"}
{"level":"\u001b[32minfo\u001b[39m","message":"running...","timestamp":"2024-09-30T01:44:03.572Z"}
{"level":"\u001b[32minfo\u001b[39m","message":"running...","timestamp":"2024-09-30T01:44:24.556Z"}
{"level":"\u001b[32minfo\u001b[39m","message":"running...","timestamp":"2024-09-30T01:48:15.139Z"}
{"level":"\u001b[32minfo\u001b[39m","message":"running...","timestamp":"2024-09-30T01:48:37.292Z"}
{"level":"\u001b[32minfo\u001b[39m","message":"running...","timestamp":"2024-09-30T01:49:05.429Z"}
{"level":"\u001b[32minfo\u001b[39m","message":"running...","timestamp":"2024-09-30T01:49:15.318Z"}
{"level":"\u001b[32minfo\u001b[39m","message":"running...","timestamp":"2024-09-30T01:54:35.003Z"}
{"level":"\u001b[32minfo\u001b[39m","message":"running...","timestamp":"2024-09-30T01:54:52.501Z"}
{"level":"\u001b[32minfo\u001b[39m","message":"running...","timestamp":"2024-09-30T01:55:16.774Z"}
{"level":"\u001b[32minfo\u001b[39m","message":"running...","timestamp":"2024-09-30T01:57:03.119Z"}
{"level":"\u001b[32minfo\u001b[39m","message":"running...","timestamp":"2024-09-30T01:57:33.605Z"}
{"level":"\u001b[32minfo\u001b[39m","message":"running...","timestamp":"2024-09-30T01:58:50.476Z"}
{"level":"\u001b[32minfo\u001b[39m","message":"running...","timestamp":"2024-09-30T01:58:54.384Z"}
{"level":"\u001b[32minfo\u001b[39m","message":"running...","timestamp":"2024-09-30T02:00:51.006Z"}
{"level":"\u001b[32minfo\u001b[39m","message":"running...","timestamp":"2024-09-30T02:02:04.985Z"}
{"level":"\u001b[32minfo\u001b[39m","message":"running...","timestamp":"2024-09-30T02:03:16.098Z"}
{"level":"\u001b[32minfo\u001b[39m","message":"running...","timestamp":"2024-09-30T02:05:37.162Z"}
{"level":"\u001b[32minfo\u001b[39m","message":"running...","timestamp":"2024-09-30T02:06:01.231Z"}
{"level":"\u001b[32minfo\u001b[39m","message":"running...","timestamp":"2024-09-30T02:06:29.676Z"}
{"level":"\u001b[32minfo\u001b[39m","message":"running...","timestamp":"2024-09-30T02:07:18.124Z"}
{"level":"\u001b[32minfo\u001b[39m","message":"running...","timestamp":"2024-09-30T02:07:33.523Z"}
{"level":"\u001b[32minfo\u001b[39m","message":"running...","timestamp":"2024-09-30T02:08:29.788Z"}
{"level":"\u001b[32minfo\u001b[39m","message":"running...","timestamp":"2024-09-30T02:12:37.866Z"}
{"level":"\u001b[32minfo\u001b[39m","message":"running...","timestamp":"2024-09-30T02:12:51.450Z"}
{"level":"\u001b[32minfo\u001b[39m","message":"running...","timestamp":"2024-09-30T02:15:53.659Z"}
{"level":"\u001b[32minfo\u001b[39m","message":"running...","timestamp":"2024-09-30T02:16:16.933Z"}
{"level":"\u001b[32minfo\u001b[39m","message":"running...","timestamp":"2024-09-30T02:52:48.530Z"}
{"level":"\u001b[32minfo\u001b[39m","message":"running...","timestamp":"2024-09-30T08:07:06.919Z"}
{"level":"\u001b[32minfo\u001b[39m","message":"running...","timestamp":"2024-09-30T08:07:42.888Z"}
{"level":"\u001b[32minfo\u001b[39m","message":"running...","timestamp":"2024-09-30T08:08:07.055Z"}
{"level":"\u001b[32minfo\u001b[39m","message":"running...","timestamp":"2024-09-30T08:08:29.689Z"}
{"level":"\u001b[32minfo\u001b[39m","message":"running...","timestamp":"2024-09-30T08:08:36.171Z"}
{"level":"\u001b[32minfo\u001b[39m","message":"running...","timestamp":"2024-09-30T08:26:47.408Z"}
{"level":"\u001b[32minfo\u001b[39m","message":"running...","timestamp":"2024-09-30T08:28:21.339Z"}
{"level":"\u001b[32minfo\u001b[39m","message":"running...","timestamp":"2024-09-30T08:31:06.425Z"}
{"level":"\u001b[32minfo\u001b[39m","message":"running...","timestamp":"2024-09-30T08:31:23.556Z"}
{"level":"\u001b[32minfo\u001b[39m","message":"running...","timestamp":"2024-09-30T08:32:59.225Z"}
{"level":"\u001b[32minfo\u001b[39m","timestamp":"2024-09-30T08:33:07.142Z"}
{"level":"\u001b[32minfo\u001b[39m","message":"running...","timestamp":"2024-09-30T08:39:36.853Z"}
{"level":"\u001b[32minfo\u001b[39m","message":"running...","timestamp":"2024-09-30T08:39:48.028Z"}
{"level":"\u001b[32minfo\u001b[39m","message":"running...","timestamp":"2024-09-30T08:43:52.055Z"}
{"level":"\u001b[32minfo\u001b[39m","message":"running...","timestamp":"2024-09-30T08:44:16.913Z"}
{"level":"\u001b[32minfo\u001b[39m","message":"running...","timestamp":"2024-09-30T08:46:25.571Z"}
{"level":"\u001b[32minfo\u001b[39m","message":"running...","timestamp":"2024-09-30T08:48:00.465Z"}
{"level":"\u001b[32minfo\u001b[39m","message":"running...","timestamp":"2024-09-30T08:49:37.154Z"}
{"level":"\u001b[32minfo\u001b[39m","message":"running...","timestamp":"2024-09-30T08:49:41.127Z"}
{"level":"\u001b[32minfo\u001b[39m","message":"running...","timestamp":"2024-09-30T09:15:58.615Z"}
{"level":"\u001b[32minfo\u001b[39m","message":"running...","timestamp":"2024-09-30T09:16:42.942Z"}
{"level":"\u001b[32minfo\u001b[39m","timestamp":"2024-09-30T09:16:51.740Z"}
{"level":"\u001b[32minfo\u001b[39m","message":{},"timestamp":"2024-09-30T09:16:51.741Z"}
{"level":"\u001b[32minfo\u001b[39m","message":"running...","timestamp":"2024-09-30T09:17:26.438Z"}
{"level":"\u001b[32minfo\u001b[39m","message":"running...","timestamp":"2024-09-30T09:17:29.047Z"}
{"level":"\u001b[32minfo\u001b[39m","timestamp":"2024-09-30T09:17:34.541Z"}
{"level":"\u001b[32minfo\u001b[39m","message":{},"timestamp":"2024-09-30T09:17:34.542Z"}
{"level":"\u001b[32minfo\u001b[39m","message":"string","timestamp":"2024-09-30T09:17:34.684Z"}
{"level":"\u001b[32minfo\u001b[39m","message":"running...","timestamp":"2024-09-30T09:18:11.875Z"}
{"level":"\u001b[32minfo\u001b[39m","timestamp":"2024-09-30T09:18:20.113Z"}
{"level":"\u001b[32minfo\u001b[39m","message":"string","timestamp":"2024-09-30T09:18:20.228Z"}
{"level":"\u001b[32minfo\u001b[39m","message":"$argon2id$v=19$m=65536,t=2,p=1$SgJ+XzBmAoYs+cHHbRfCoP4jYHV2QukrsyzAJVdt/rw$Avxm30+USudKm4rHjtLD8yCdigwYoNT1rjCc8jW7YsI","timestamp":"2024-09-30T09:18:20.228Z"}
{"level":"\u001b[32minfo\u001b[39m","message":"running...","timestamp":"2024-09-30T09:20:25.011Z"}
{"level":"\u001b[32minfo\u001b[39m","timestamp":"2024-09-30T09:20:56.927Z"}
{"level":"\u001b[32minfo\u001b[39m","message":"backend","timestamp":"2024-09-30T09:20:57.038Z"}
{"level":"\u001b[32minfo\u001b[39m","message":"$argon2id$v=19$m=65536,t=2,p=1$62Gu6JxLNnB6lalOE7LpOfG7cqAHKbAh31Qa/VWddso$J3ZTjJx4YpLVWfrgpMUsKdHTuBq4O+26tj5TppiNxEk","timestamp":"2024-09-30T09:20:57.039Z"}
{"level":"\u001b[32minfo\u001b[39m","message":"running...","timestamp":"2024-09-30T09:21:24.637Z"}
{"level":"\u001b[32minfo\u001b[39m","message":"running...","timestamp":"2024-09-30T09:22:00.616Z"}
{"level":"\u001b[32minfo\u001b[39m","message":"running...","timestamp":"2024-09-30T09:22:45.864Z"}
{"level":"\u001b[32minfo\u001b[39m","timestamp":"2024-09-30T09:22:57.923Z"}
{"level":"\u001b[32minfo\u001b[39m","message":"string","timestamp":"2024-09-30T09:22:58.052Z"}
{"level":"\u001b[32minfo\u001b[39m","message":"$argon2id$v=19$m=65536,t=2,p=1$F1dh1ADCPPhU5nUQVESEhwJNzK+CGMXpG5CDnxUylUg$54VdXxEQvNOpVNetPpjo+CM2u9XtsbM0Be+vfmGJyCU","timestamp":"2024-09-30T09:22:58.053Z"}
{"level":"\u001b[32minfo\u001b[39m","message":"running...","timestamp":"2024-09-30T09:25:26.327Z"}
{"level":"\u001b[32minfo\u001b[39m","message":{"about":null,"btcAddressMainnet":null,"btcAddressTestnet":null,"coverImg":null,"id":"7ea34a00-cd5a-4d38-85fd-888885bc4973","name":null,"password_hash":"$argon2id$v=19$m=65536,t=2,p=1$F1dh1ADCPPhU5nUQVESEhwJNzK+CGMXpG5CDnxUylUg$54VdXxEQvNOpVNetPpjo+CM2u9XtsbM0Be+vfmGJyCU","profileImg":null,"stxAddressMainnet":"string","stxAddressTestnet":null,"username":null},"timestamp":"2024-09-30T09:25:56.339Z"}
{"level":"\u001b[32minfo\u001b[39m","timestamp":"2024-09-30T09:26:14.059Z"}
{"level":"\u001b[32minfo\u001b[39m","message":"string","timestamp":"2024-09-30T09:26:14.177Z"}
{"level":"\u001b[32minfo\u001b[39m","message":"$argon2id$v=19$m=65536,t=2,p=1$oSB8JK/1VLFT4QJ0Lw/fz5C3xuy3BaQ6fPgPTBDGNRc$sbSOG7egF3Dg9l+rxyWPa/5cuqlC5SqiwXhyPFkEJs4","timestamp":"2024-09-30T09:26:14.177Z"}
{"level":"\u001b[32minfo\u001b[39m","message":"running...","timestamp":"2024-09-30T09:28:25.417Z"}
{"level":"\u001b[32minfo\u001b[39m","message":"running...","timestamp":"2024-09-30T09:28:46.857Z"}
{"level":"\u001b[32minfo\u001b[39m","message":"running...","timestamp":"2024-09-30T09:29:50.042Z"}
{"level":"\u001b[32minfo\u001b[39m","message":"running...","timestamp":"2024-09-30T09:30:44.835Z"}
{"level":"\u001b[32minfo\u001b[39m","message":"running...","timestamp":"2024-09-30T11:11:28.689Z"}
{"level":"\u001b[32minfo\u001b[39m","message":"running...","timestamp":"2024-09-30T11:12:25.269Z"}
{"level":"\u001b[32minfo\u001b[39m","message":"running...","timestamp":"2024-09-30T11:13:35.887Z"}
{"level":"\u001b[32minfo\u001b[39m","message":"running...","timestamp":"2024-09-30T11:14:35.100Z"}
{"level":"\u001b[32minfo\u001b[39m","message":"running...","timestamp":"2024-09-30T11:15:41.851Z"}
{"level":"\u001b[32minfo\u001b[39m","message":"running...","timestamp":"2024-09-30T11:16:09.638Z"}
{"level":"\u001b[32minfo\u001b[39m","message":{"about":null,"btcAddressMainnet":null,"btcAddressTestnet":null,"coverImg":null,"id":"7ea34a00-cd5a-4d38-85fd-888885bc4973","name":null,"password_hash":"$argon2id$v=19$m=65536,t=2,p=1$F1dh1ADCPPhU5nUQVESEhwJNzK+CGMXpG5CDnxUylUg$54VdXxEQvNOpVNetPpjo+CM2u9XtsbM0Be+vfmGJyCU","profileImg":null,"stxAddressMainnet":"string","stxAddressTestnet":null,"username":null},"timestamp":"2024-09-30T11:16:25.475Z"}
{"level":"\u001b[32minfo\u001b[39m","message":{"about":null,"btcAddressMainnet":null,"btcAddressTestnet":null,"coverImg":null,"id":"7ea34a00-cd5a-4d38-85fd-888885bc4973","name":null,"password_hash":"$argon2id$v=19$m=65536,t=2,p=1$F1dh1ADCPPhU5nUQVESEhwJNzK+CGMXpG5CDnxUylUg$54VdXxEQvNOpVNetPpjo+CM2u9XtsbM0Be+vfmGJyCU","profileImg":null,"stxAddressMainnet":"string","stxAddressTestnet":null,"username":null},"timestamp":"2024-09-30T11:16:31.925Z"}
{"level":"\u001b[32minfo\u001b[39m","message":{"about":null,"btcAddressMainnet":null,"btcAddressTestnet":null,"coverImg":null,"id":"7ea34a00-cd5a-4d38-85fd-888885bc4973","name":null,"password_hash":"$argon2id$v=19$m=65536,t=2,p=1$F1dh1ADCPPhU5nUQVESEhwJNzK+CGMXpG5CDnxUylUg$54VdXxEQvNOpVNetPpjo+CM2u9XtsbM0Be+vfmGJyCU","profileImg":null,"stxAddressMainnet":"string","stxAddressTestnet":null,"username":null},"timestamp":"2024-09-30T11:17:38.488Z"}
{"level":"\u001b[32minfo\u001b[39m","message":{"about":null,"btcAddressMainnet":null,"btcAddressTestnet":null,"coverImg":null,"id":"7ea34a00-cd5a-4d38-85fd-888885bc4973","name":null,"password_hash":"$argon2id$v=19$m=65536,t=2,p=1$F1dh1ADCPPhU5nUQVESEhwJNzK+CGMXpG5CDnxUylUg$54VdXxEQvNOpVNetPpjo+CM2u9XtsbM0Be+vfmGJyCU","profileImg":null,"stxAddressMainnet":"string","stxAddressTestnet":null,"username":null},"timestamp":"2024-09-30T11:17:43.711Z"}
{"level":"\u001b[32minfo\u001b[39m","message":"running...","timestamp":"2024-09-30T11:19:29.053Z"}
{"level":"\u001b[32minfo\u001b[39m","message":{"about":null,"btcAddressMainnet":null,"btcAddressTestnet":null,"coverImg":null,"id":"7ea34a00-cd5a-4d38-85fd-888885bc4973","name":null,"password_hash":"$argon2id$v=19$m=65536,t=2,p=1$F1dh1ADCPPhU5nUQVESEhwJNzK+CGMXpG5CDnxUylUg$54VdXxEQvNOpVNetPpjo+CM2u9XtsbM0Be+vfmGJyCU","profileImg":null,"stxAddressMainnet":"string","stxAddressTestnet":null,"username":null},"timestamp":"2024-09-30T11:19:47.515Z"}
{"level":"\u001b[32minfo\u001b[39m","message":"running...","timestamp":"2024-09-30T11:20:51.468Z"}
{"level":"\u001b[32minfo\u001b[39m","message":"running...","timestamp":"2024-09-30T11:22:41.242Z"}
{"level":"\u001b[32minfo\u001b[39m","message":"running...","timestamp":"2024-09-30T11:23:26.443Z"}
{"level":"\u001b[32minfo\u001b[39m","message":"running...","timestamp":"2024-09-30T11:24:31.310Z"}
{"level":"\u001b[32minfo\u001b[39m","message":"running...","timestamp":"2024-09-30T11:31:50.580Z"}
{"level":"\u001b[32minfo\u001b[39m","message":"running...","timestamp":"2024-09-30T11:32:57.556Z"}
{"level":"\u001b[32minfo\u001b[39m","message":"running...","timestamp":"2024-09-30T11:33:12.082Z"}
{"level":"\u001b[32minfo\u001b[39m","message":"running...","timestamp":"2024-09-30T11:35:17.400Z"}
{"level":"\u001b[32minfo\u001b[39m","message":"running...","timestamp":"2024-09-30T11:36:05.232Z"}
{"level":"\u001b[32minfo\u001b[39m","message":"running...","timestamp":"2024-09-30T11:37:52.312Z"}
{"level":"\u001b[32minfo\u001b[39m","message":"running...","timestamp":"2024-09-30T11:39:16.894Z"}
{"level":"\u001b[32minfo\u001b[39m","message":"running...","timestamp":"2024-09-30T11:40:39.282Z"}
{"level":"\u001b[32minfo\u001b[39m","message":"running...","timestamp":"2024-09-30T11:40:44.401Z"}
{"level":"\u001b[32minfo\u001b[39m","message":"running...","timestamp":"2024-09-30T11:43:10.621Z"}
{"level":"\u001b[32minfo\u001b[39m","message":"running...","timestamp":"2024-09-30T11:44:18.362Z"}
{"level":"\u001b[32minfo\u001b[39m","message":"running...","timestamp":"2024-09-30T11:44:29.708Z"}
{"level":"\u001b[32minfo\u001b[39m","message":{"about":null,"btcAddressMainnet":null,"btcAddressTestnet":null,"coverImg":null,"id":"7ea34a00-cd5a-4d38-85fd-888885bc4973","name":null,"password_hash":"$argon2id$v=19$m=65536,t=2,p=1$F1dh1ADCPPhU5nUQVESEhwJNzK+CGMXpG5CDnxUylUg$54VdXxEQvNOpVNetPpjo+CM2u9XtsbM0Be+vfmGJyCU","profileImg":null,"stxAddressMainnet":"string","stxAddressTestnet":null,"username":null},"timestamp":"2024-09-30T11:45:02.776Z"}
{"level":"\u001b[32minfo\u001b[39m","message":{"about":null,"btcAddressMainnet":null,"btcAddressTestnet":null,"coverImg":null,"id":"7ea34a00-cd5a-4d38-85fd-888885bc4973","name":null,"password_hash":"$argon2id$v=19$m=65536,t=2,p=1$F1dh1ADCPPhU5nUQVESEhwJNzK+CGMXpG5CDnxUylUg$54VdXxEQvNOpVNetPpjo+CM2u9XtsbM0Be+vfmGJyCU","profileImg":null,"stxAddressMainnet":"string","stxAddressTestnet":null,"username":null},"timestamp":"2024-09-30T11:45:10.252Z"}
{"level":"\u001b[32minfo\u001b[39m","message":"running...","timestamp":"2024-09-30T11:45:40.275Z"}
{"level":"\u001b[32minfo\u001b[39m","message":"running...","timestamp":"2024-09-30T11:48:08.365Z"}
{"level":"\u001b[32minfo\u001b[39m","message":"running...","timestamp":"2024-09-30T11:48:27.103Z"}
{"level":"\u001b[32minfo\u001b[39m","message":"running...","timestamp":"2024-09-30T16:18:32.366Z"}
{"level":"\u001b[32minfo\u001b[39m","message":{"about":null,"btcAddressMainnet":null,"btcAddressTestnet":null,"coverImg":null,"id":"7ea34a00-cd5a-4d38-85fd-888885bc4973","name":null,"password_hash":"$argon2id$v=19$m=65536,t=2,p=1$F1dh1ADCPPhU5nUQVESEhwJNzK+CGMXpG5CDnxUylUg$54VdXxEQvNOpVNetPpjo+CM2u9XtsbM0Be+vfmGJyCU","profileImg":null,"stxAddressMainnet":"string","stxAddressTestnet":null,"username":null},"timestamp":"2024-09-30T16:18:42.259Z"}
{"level":"\u001b[32minfo\u001b[39m","message":"running...","timestamp":"2024-09-30T16:25:28.534Z"}
{"level":"\u001b[32minfo\u001b[39m","timestamp":"2024-09-30T16:32:13.913Z"}
{"level":"\u001b[32minfo\u001b[39m","message":"newuser","timestamp":"2024-09-30T16:32:14.033Z"}
{"level":"\u001b[32minfo\u001b[39m","message":"$argon2id$v=19$m=65536,t=2,p=1$cArORjlZx5AilU6PiVVzhrtlKYQA7sM3fTFuwYJtMxc$hjIxNGnWZbo+9wYRqr8jClwS3Iom0w7fmEuAkguyd8c","timestamp":"2024-09-30T16:32:14.033Z"}
{"level":"\u001b[32minfo\u001b[39m","message":"running...","timestamp":"2024-09-30T17:17:18.558Z"}
{"level":"\u001b[32minfo\u001b[39m","message":"running...","timestamp":"2024-09-30T17:17:51.261Z"}
{"level":"\u001b[32minfo\u001b[39m","message":"running...","timestamp":"2024-09-30T17:18:00.156Z"}
{"level":"\u001b[32minfo\u001b[39m","message":"running...","timestamp":"2024-09-30T17:18:23.692Z"}
{"level":"\u001b[32minfo\u001b[39m","message":"running...","timestamp":"2024-09-30T17:18:45.255Z"}
{"level":"\u001b[32minfo\u001b[39m","message":{"about":null,"btcAddressMainnet":null,"btcAddressTestnet":null,"coverImg":null,"id":"7ea34a00-cd5a-4d38-85fd-888885bc4973","name":null,"password_hash":"$argon2id$v=19$m=65536,t=2,p=1$F1dh1ADCPPhU5nUQVESEhwJNzK+CGMXpG5CDnxUylUg$54VdXxEQvNOpVNetPpjo+CM2u9XtsbM0Be+vfmGJyCU","profileImg":null,"stxAddressMainnet":"string","stxAddressTestnet":null,"username":null},"timestamp":"2024-09-30T17:18:56.211Z"}
{"level":"\u001b[32minfo\u001b[39m","message":"running...","timestamp":"2024-09-30T17:19:26.896Z"}
{"level":"\u001b[32minfo\u001b[39m","message":{"about":null,"btcAddressMainnet":null,"btcAddressTestnet":null,"coverImg":null,"id":"7ea34a00-cd5a-4d38-85fd-888885bc4973","name":null,"password_hash":"$argon2id$v=19$m=65536,t=2,p=1$F1dh1ADCPPhU5nUQVESEhwJNzK+CGMXpG5CDnxUylUg$54VdXxEQvNOpVNetPpjo+CM2u9XtsbM0Be+vfmGJyCU","profileImg":null,"stxAddressMainnet":"string","stxAddressTestnet":null,"username":null},"timestamp":"2024-09-30T17:19:34.001Z"}
{"level":"\u001b[32minfo\u001b[39m","message":"running...","timestamp":"2024-09-30T17:20:24.097Z"}
{"level":"\u001b[32minfo\u001b[39m","message":"Auth middleware","timestamp":"2024-09-30T17:20:25.910Z"}
{"level":"\u001b[32minfo\u001b[39m","message":"Auth middleware","timestamp":"2024-09-30T17:20:34.993Z"}
{"level":"\u001b[32minfo\u001b[39m","message":"Auth middleware","timestamp":"2024-09-30T17:20:41.572Z"}
{"level":"\u001b[32minfo\u001b[39m","message":"Auth middleware","timestamp":"2024-09-30T17:21:03.293Z"}
{"level":"\u001b[32minfo\u001b[39m","message":{"exp":1727717674,"jti":"12026830-dca9-4988-9833-75628bab394b","refresh_token":false,"user":{"id":"7ea34a00-cd5a-4d38-85fd-888885bc4973","stxAddressMainnet":"string"}},"timestamp":"2024-09-30T17:21:03.298Z"}
{"level":"\u001b[32minfo\u001b[39m","message":{"exp":1727717674,"jti":"12026830-dca9-4988-9833-75628bab394b","refresh_token":false,"user":{"id":"7ea34a00-cd5a-4d38-85fd-888885bc4973","stxAddressMainnet":"string"}},"timestamp":"2024-09-30T17:21:03.299Z"}
{"level":"\u001b[32minfo\u001b[39m","message":"running...","timestamp":"2024-09-30T17:23:47.941Z"}
{"level":"\u001b[32minfo\u001b[39m","message":"running...","timestamp":"2024-09-30T17:24:19.841Z"}
{"level":"\u001b[32minfo\u001b[39m","message":"running...","timestamp":"2024-09-30T17:29:55.213Z"}
{"level":"\u001b[32minfo\u001b[39m","message":"running...","timestamp":"2024-09-30T17:29:56.604Z"}
{"level":"\u001b[32minfo\u001b[39m","message":"running...","timestamp":"2024-09-30T17:39:00.174Z"}
{"level":"\u001b[32minfo\u001b[39m","message":"running...","timestamp":"2024-09-30T17:39:20.039Z"}
{"level":"\u001b[32minfo\u001b[39m","message":"running...","timestamp":"2024-09-30T17:41:32.720Z"}
{"level":"\u001b[32minfo\u001b[39m","message":"running...","timestamp":"2024-09-30T17:41:40.359Z"}
{"level":"\u001b[32minfo\u001b[39m","message":"running...","timestamp":"2024-09-30T17:42:50.608Z"}
{"level":"\u001b[32minfo\u001b[39m","message":"running...","timestamp":"2024-09-30T17:46:55.227Z"}
{"level":"\u001b[32minfo\u001b[39m","message":"running...","timestamp":"2024-09-30T17:46:59.691Z"}
{"level":"\u001b[32minfo\u001b[39m","message":"running...","timestamp":"2024-09-30T17:48:12.760Z"}
{"level":"\u001b[32minfo\u001b[39m","message":"running...","timestamp":"2024-09-30T17:48:21.534Z"}
{"level":"\u001b[32minfo\u001b[39m","message":"running...","timestamp":"2024-09-30T17:49:54.173Z"}
{"level":"\u001b[32minfo\u001b[39m","message":"running...","timestamp":"2024-09-30T17:50:29.578Z"}
{"level":"\u001b[32minfo\u001b[39m","message":"running...","timestamp":"2024-09-30T17:50:44.911Z"}
{"level":"\u001b[32minfo\u001b[39m","message":"running...","timestamp":"2024-09-30T17:50:55.166Z"}
{"level":"\u001b[32minfo\u001b[39m","message":"Auth middleware","timestamp":"2024-09-30T17:51:00.114Z"}
{"level":"\u001b[32minfo\u001b[39m","message":"running...","timestamp":"2024-09-30T17:52:07.699Z"}
{"level":"\u001b[32minfo\u001b[39m","message":"running...","timestamp":"2024-09-30T17:52:13.755Z"}
{"level":"\u001b[32minfo\u001b[39m","message":"Auth middleware","timestamp":"2024-09-30T17:52:17.743Z"}
{"level":"\u001b[32minfo\u001b[39m","message":"Auth middleware","timestamp":"2024-09-30T17:52:33.279Z"}
{"level":"\u001b[32minfo\u001b[39m","message":{"about":null,"btcAddressMainnet":null,"btcAddressTestnet":null,"coverImg":null,"id":"7ea34a00-cd5a-4d38-85fd-888885bc4973","name":null,"password_hash":"$argon2id$v=19$m=65536,t=2,p=1$F1dh1ADCPPhU5nUQVESEhwJNzK+CGMXpG5CDnxUylUg$54VdXxEQvNOpVNetPpjo+CM2u9XtsbM0Be+vfmGJyCU","profileImg":null,"stxAddressMainnet":"string","stxAddressTestnet":null,"username":null},"timestamp":"2024-09-30T17:52:46.388Z"}
{"level":"\u001b[32minfo\u001b[39m","message":"Auth middleware","timestamp":"2024-09-30T17:53:06.192Z"}
{"level":"\u001b[32minfo\u001b[39m","message":{"exp":1727719666,"jti":"26e74f27-4e2b-47e2-8353-011e6eada6ff","refresh_token":false,"user":{"id":"7ea34a00-cd5a-4d38-85fd-888885bc4973","stxAddressMainnet":"string"}},"timestamp":"2024-09-30T17:53:06.193Z"}
{"level":"\u001b[32minfo\u001b[39m","message":{"exp":1727719666,"jti":"26e74f27-4e2b-47e2-8353-011e6eada6ff","refresh_token":false,"user":{"id":"7ea34a00-cd5a-4d38-85fd-888885bc4973","stxAddressMainnet":"string"}},"timestamp":"2024-09-30T17:53:06.194Z"}
{"level":"\u001b[32minfo\u001b[39m","message":"running...","timestamp":"2024-09-30T17:53:23.893Z"}
{"level":"\u001b[32minfo\u001b[39m","message":"Auth middleware","timestamp":"2024-09-30T17:53:34.253Z"}
{"level":"\u001b[32minfo\u001b[39m","message":{"exp":1727719666,"jti":"26e74f27-4e2b-47e2-8353-011e6eada6ff","refresh_token":false,"user":{"id":"7ea34a00-cd5a-4d38-85fd-888885bc4973","stxAddressMainnet":"string"}},"timestamp":"2024-09-30T17:53:34.258Z"}
{"level":"\u001b[32minfo\u001b[39m","message":{"exp":1727719666,"jti":"26e74f27-4e2b-47e2-8353-011e6eada6ff","refresh_token":false,"user":{"id":"7ea34a00-cd5a-4d38-85fd-888885bc4973","stxAddressMainnet":"string"}},"timestamp":"2024-09-30T17:53:34.258Z"}
{"level":"\u001b[32minfo\u001b[39m","message":{"exp":1727719666,"jti":"26e74f27-4e2b-47e2-8353-011e6eada6ff","refresh_token":false,"user":{"id":"7ea34a00-cd5a-4d38-85fd-888885bc4973","stxAddressMainnet":"string"}},"timestamp":"2024-09-30T17:53:34.259Z"}
{"level":"\u001b[32minfo\u001b[39m","message":"running...","timestamp":"2024-09-30T17:55:15.821Z"}
{"level":"\u001b[32minfo\u001b[39m","message":"Auth middleware","timestamp":"2024-09-30T17:55:17.579Z"}
{"level":"\u001b[32minfo\u001b[39m","message":{"exp":1727719666,"jti":"26e74f27-4e2b-47e2-8353-011e6eada6ff","refresh_token":false,"user":{"id":"7ea34a00-cd5a-4d38-85fd-888885bc4973","stxAddressMainnet":"string"}},"timestamp":"2024-09-30T17:55:17.581Z"}
{"level":"\u001b[32minfo\u001b[39m","message":{"exp":1727719666,"jti":"26e74f27-4e2b-47e2-8353-011e6eada6ff","refresh_token":false,"user":{"id":"7ea34a00-cd5a-4d38-85fd-888885bc4973","stxAddressMainnet":"string"}},"timestamp":"2024-09-30T17:55:17.582Z"}
{"level":"\u001b[32minfo\u001b[39m","message":"running...","timestamp":"2024-09-30T18:15:43.127Z"}
{"level":"\u001b[32minfo\u001b[39m","message":"running...","timestamp":"2024-09-30T18:15:54.288Z"}
{"level":"\u001b[32minfo\u001b[39m","message":"running...","timestamp":"2024-09-30T18:15:59.298Z"}
{"level":"\u001b[32minfo\u001b[39m","message":"Auth middleware","timestamp":"2024-09-30T18:16:05.590Z"}
{"level":"\u001b[32minfo\u001b[39m","message":"running...","timestamp":"2024-09-30T18:17:05.547Z"}
{"level":"\u001b[32minfo\u001b[39m","message":"Auth middleware","timestamp":"2024-09-30T18:17:08.134Z"}
{"expiredAt":"2024-09-30T18:07:46.000Z","level":"\u001b[31merror\u001b[39m","message":"jwt expired","name":"TokenExpiredError","stack":"Error\n    at <anonymous> (/home/code-savant-al/ALL/PERSONAL_PROJECTS/BE/stx-support-be/node_modules/jsonwebtoken/verify.js:190:21)\n    at getSecret (/home/code-savant-al/ALL/PERSONAL_PROJECTS/BE/stx-support-be/node_modules/jsonwebtoken/verify.js:97:14)\n    at <anonymous> (/home/code-savant-al/ALL/PERSONAL_PROJECTS/BE/stx-support-be/node_modules/jsonwebtoken/verify.js:101:10)\n    at <anonymous> (/home/code-savant-al/ALL/PERSONAL_PROJECTS/BE/stx-support-be/src/auth/middleware.ts:46:21)\n    at <anonymous> (/home/code-savant-al/ALL/PERSONAL_PROJECTS/BE/stx-support-be/src/auth/middleware.ts:35:66)\n    at <anonymous> (/home/code-savant-al/ALL/PERSONAL_PROJECTS/BE/stx-support-be/node_modules/hono/dist/compose.js:29:23)\n    at dispatch (/home/code-savant-al/ALL/PERSONAL_PROJECTS/BE/stx-support-be/node_modules/hono/dist/compose.js:7:32)\n    at <anonymous> (/home/code-savant-al/ALL/PERSONAL_PROJECTS/BE/stx-support-be/src/middleware/zod-error-handler.ts:6:11)\n    at zodErrorHandler (/home/code-savant-al/ALL/PERSONAL_PROJECTS/BE/stx-support-be/src/middleware/zod-error-handler.ts:4:39)\n    at <anonymous> (/home/code-savant-al/ALL/PERSONAL_PROJECTS/BE/stx-support-be/node_modules/hono/dist/compose.js:29:23)","timestamp":"2024-09-30T18:17:08.139Z"}
{"level":"\u001b[32minfo\u001b[39m","message":"running...","timestamp":"2024-09-30T18:19:35.494Z"}
{"level":"\u001b[32minfo\u001b[39m","message":"Auth middleware","timestamp":"2024-09-30T18:19:46.468Z"}
{"expiredAt":"2024-09-30T18:07:46.000Z","level":"\u001b[31merror\u001b[39m","message":"jwt expired","name":"TokenExpiredError","stack":"Error\n    at <anonymous> (/home/code-savant-al/ALL/PERSONAL_PROJECTS/BE/stx-support-be/node_modules/jsonwebtoken/verify.js:190:21)\n    at getSecret (/home/code-savant-al/ALL/PERSONAL_PROJECTS/BE/stx-support-be/node_modules/jsonwebtoken/verify.js:97:14)\n    at <anonymous> (/home/code-savant-al/ALL/PERSONAL_PROJECTS/BE/stx-support-be/node_modules/jsonwebtoken/verify.js:101:10)\n    at <anonymous> (/home/code-savant-al/ALL/PERSONAL_PROJECTS/BE/stx-support-be/src/auth/middleware.ts:47:21)\n    at <anonymous> (/home/code-savant-al/ALL/PERSONAL_PROJECTS/BE/stx-support-be/src/auth/middleware.ts:36:66)\n    at <anonymous> (/home/code-savant-al/ALL/PERSONAL_PROJECTS/BE/stx-support-be/node_modules/hono/dist/compose.js:29:23)\n    at dispatch (/home/code-savant-al/ALL/PERSONAL_PROJECTS/BE/stx-support-be/node_modules/hono/dist/compose.js:7:32)\n    at <anonymous> (/home/code-savant-al/ALL/PERSONAL_PROJECTS/BE/stx-support-be/src/middleware/zod-error-handler.ts:6:11)\n    at zodErrorHandler (/home/code-savant-al/ALL/PERSONAL_PROJECTS/BE/stx-support-be/src/middleware/zod-error-handler.ts:4:39)\n    at <anonymous> (/home/code-savant-al/ALL/PERSONAL_PROJECTS/BE/stx-support-be/node_modules/hono/dist/compose.js:29:23)","timestamp":"2024-09-30T18:19:46.474Z"}
{"level":"\u001b[32minfo\u001b[39m","message":"Auth middleware","timestamp":"2024-09-30T18:19:49.703Z"}
{"expiredAt":"2024-09-30T18:07:46.000Z","level":"\u001b[31merror\u001b[39m","message":"jwt expired","name":"TokenExpiredError","stack":"Error\n    at <anonymous> (/home/code-savant-al/ALL/PERSONAL_PROJECTS/BE/stx-support-be/node_modules/jsonwebtoken/verify.js:190:21)\n    at getSecret (/home/code-savant-al/ALL/PERSONAL_PROJECTS/BE/stx-support-be/node_modules/jsonwebtoken/verify.js:97:14)\n    at <anonymous> (/home/code-savant-al/ALL/PERSONAL_PROJECTS/BE/stx-support-be/node_modules/jsonwebtoken/verify.js:101:10)\n    at <anonymous> (/home/code-savant-al/ALL/PERSONAL_PROJECTS/BE/stx-support-be/src/auth/middleware.ts:47:21)\n    at <anonymous> (/home/code-savant-al/ALL/PERSONAL_PROJECTS/BE/stx-support-be/src/auth/middleware.ts:36:66)\n    at <anonymous> (/home/code-savant-al/ALL/PERSONAL_PROJECTS/BE/stx-support-be/node_modules/hono/dist/compose.js:29:23)\n    at dispatch (/home/code-savant-al/ALL/PERSONAL_PROJECTS/BE/stx-support-be/node_modules/hono/dist/compose.js:7:32)\n    at <anonymous> (/home/code-savant-al/ALL/PERSONAL_PROJECTS/BE/stx-support-be/src/middleware/zod-error-handler.ts:6:11)\n    at zodErrorHandler (/home/code-savant-al/ALL/PERSONAL_PROJECTS/BE/stx-support-be/src/middleware/zod-error-handler.ts:4:39)\n    at <anonymous> (/home/code-savant-al/ALL/PERSONAL_PROJECTS/BE/stx-support-be/node_modules/hono/dist/compose.js:29:23)","timestamp":"2024-09-30T18:19:49.705Z"}
{"level":"\u001b[32minfo\u001b[39m","message":"running...","timestamp":"2024-09-30T18:20:03.650Z"}
{"level":"\u001b[32minfo\u001b[39m","message":"Auth middleware","timestamp":"2024-09-30T18:20:05.391Z"}
{"level":"\u001b[32minfo\u001b[39m","message":"Auth middleware","timestamp":"2024-09-30T18:20:07.816Z"}
{"level":"\u001b[32minfo\u001b[39m","message":"running...","timestamp":"2024-09-30T18:20:16.808Z"}
{"level":"\u001b[32minfo\u001b[39m","message":"running...","timestamp":"2024-09-30T18:20:17.740Z"}
{"level":"\u001b[32minfo\u001b[39m","message":"Auth middleware","timestamp":"2024-09-30T18:20:19.138Z"}
{"level":"\u001b[32minfo\u001b[39m","message":"running...","timestamp":"2024-09-30T18:20:24.514Z"}
{"level":"\u001b[32minfo\u001b[39m","message":"Auth middleware","timestamp":"2024-09-30T18:20:25.809Z"}
{"level":"\u001b[32minfo\u001b[39m","message":"running...","timestamp":"2024-09-30T18:20:45.512Z"}
{"level":"\u001b[32minfo\u001b[39m","message":"running...","timestamp":"2024-09-30T18:48:16.822Z"}
{"level":"\u001b[32minfo\u001b[39m","message":"Auth middleware","timestamp":"2024-09-30T18:48:23.389Z"}
{"level":"\u001b[32minfo\u001b[39m","message":"Auth middleware","timestamp":"2024-09-30T18:48:24.441Z"}
{"level":"\u001b[32minfo\u001b[39m","message":"Auth middleware","timestamp":"2024-09-30T18:48:34.711Z"}
{"level":"\u001b[32minfo\u001b[39m","message":"Auth middleware","timestamp":"2024-09-30T18:49:07.686Z"}
{"level":"\u001b[32minfo\u001b[39m","message":"running...","timestamp":"2024-09-30T18:49:25.228Z"}
{"level":"\u001b[32minfo\u001b[39m","message":"Auth middleware","timestamp":"2024-09-30T18:49:26.620Z"}
{"level":"\u001b[32minfo\u001b[39m","message":"running...","timestamp":"2024-09-30T18:49:56.542Z"}
{"level":"\u001b[32minfo\u001b[39m","message":"Auth middleware","timestamp":"2024-09-30T18:49:57.933Z"}
{"level":"\u001b[32minfo\u001b[39m","message":"running...","timestamp":"2024-09-30T18:53:19.358Z"}
{"level":"\u001b[32minfo\u001b[39m","message":"Auth middleware","timestamp":"2024-09-30T18:53:24.318Z"}
{"level":"\u001b[32minfo\u001b[39m","message":"Auth middleware","timestamp":"2024-09-30T18:53:26.972Z"}
{"level":"\u001b[32minfo\u001b[39m","message":"Auth middleware","timestamp":"2024-09-30T18:53:28.281Z"}
{"level":"\u001b[32minfo\u001b[39m","message":"running...","timestamp":"2024-09-30T18:54:09.968Z"}
{"level":"\u001b[32minfo\u001b[39m","message":"Auth middleware","timestamp":"2024-09-30T18:54:13.477Z"}
{"level":"\u001b[32minfo\u001b[39m","message":"running...","timestamp":"2024-09-30T18:54:21.920Z"}
{"level":"\u001b[32minfo\u001b[39m","message":"running...","timestamp":"2024-09-30T18:55:29.924Z"}
{"level":"\u001b[32minfo\u001b[39m","message":"running...","timestamp":"2024-09-30T18:56:09.660Z"}
{"level":"\u001b[32minfo\u001b[39m","message":"running...","timestamp":"2024-09-30T18:56:23.241Z"}
{"level":"\u001b[32minfo\u001b[39m","message":"running...","timestamp":"2024-09-30T18:56:57.314Z"}
{"level":"\u001b[32minfo\u001b[39m","message":"running...","timestamp":"2024-09-30T18:57:31.965Z"}
{"level":"\u001b[32minfo\u001b[39m","message":"running...","timestamp":"2024-09-30T19:09:40.883Z"}
{"level":"\u001b[32minfo\u001b[39m","message":"running...","timestamp":"2024-09-30T19:10:35.660Z"}
{"level":"\u001b[32minfo\u001b[39m","message":"running...","timestamp":"2024-09-30T19:10:58.669Z"}
{"level":"\u001b[32minfo\u001b[39m","message":"running...","timestamp":"2024-09-30T19:12:12.535Z"}
{"level":"\u001b[32minfo\u001b[39m","message":"running...","timestamp":"2024-09-30T19:12:33.000Z"}
{"level":"\u001b[32minfo\u001b[39m","message":"running...","timestamp":"2024-09-30T19:12:55.708Z"}
{"level":"\u001b[32minfo\u001b[39m","message":"running...","timestamp":"2024-09-30T19:13:08.426Z"}
{"level":"\u001b[32minfo\u001b[39m","message":"running...","timestamp":"2024-09-30T19:13:27.794Z"}
{"level":"\u001b[32minfo\u001b[39m","message":"running...","timestamp":"2024-09-30T19:15:24.675Z"}
{"level":"\u001b[32minfo\u001b[39m","message":"running...","timestamp":"2024-09-30T19:15:52.764Z"}
{"level":"\u001b[32minfo\u001b[39m","message":"running...","timestamp":"2024-09-30T19:15:56.686Z"}
{"level":"\u001b[32minfo\u001b[39m","message":"running...","timestamp":"2024-09-30T19:16:01.651Z"}
{"level":"\u001b[32minfo\u001b[39m","message":"running...","timestamp":"2024-09-30T19:16:12.122Z"}
{"level":"\u001b[32minfo\u001b[39m","message":"running...","timestamp":"2024-09-30T19:16:21.167Z"}
{"level":"\u001b[32minfo\u001b[39m","message":"running...","timestamp":"2024-09-30T19:16:47.376Z"}
{"level":"\u001b[32minfo\u001b[39m","message":"running...","timestamp":"2024-09-30T19:17:39.932Z"}
